<?xml version="1.0" encoding="UTF-8"?>
<!-- Generated by org.testng.reporters.JUnitReportReporter -->
<testsuite skipped="0" hostname="wg-dhcp42d011.fsuguest.wireless.fsu.edu" name="com.cybertek.TestNgDemo" tests="2" failures="0" timestamp="19 Aug 2019 18:33:22 GMT" time="0.006" errors="0">
  <testcase name="test1" time="0.005" classname="com.cybertek.TestNgDemo"/>
  <testcase name="test2" time="0.001" classname="com.cybertek.TestNgDemo"/>
</testsuite> <!-- com.cybertek.TestNgDemo -->
