<?xml version="1.0" encoding="UTF-8"?>
<!-- Generated by org.testng.reporters.JUnitReportReporter -->
<testsuite skipped="0" hostname="wc-dhcp64d004.student-secure.wireless.fsu.edu" name="assignments.Porsche" tests="1" failures="0" timestamp="20 Aug 2019 16:35:15 GMT" time="7.273" errors="0">
  <testcase name="porscheTest" time="7.273" classname="assignments.Porsche"/>
</testsuite> <!-- assignments.Porsche -->
