<?xml version="1.0" encoding="UTF-8"?>
<!-- Generated by org.testng.reporters.JUnitReportReporter -->
<testsuite skipped="0" hostname="wc-dhcp64d004.student-secure.wireless.fsu.edu" name="com.cybertek.SearchTest" tests="1" failures="0" timestamp="20 Aug 2019 15:13:08 GMT" time="12.598" errors="0">
  <testcase name="amazonSearch" time="12.598" classname="com.cybertek.SearchTest"/>
</testsuite> <!-- com.cybertek.SearchTest -->
