<?xml version="1.0" encoding="UTF-8"?>
<!-- Generated by org.testng.reporters.JUnitReportReporter -->
<testsuite skipped="0" hostname="wg-dhcp42d011.fsuguest.wireless.fsu.edu" name="com.cybertek.UnitTest" tests="1" failures="0" timestamp="19 Aug 2019 17:43:10 GMT" time="0.014" errors="0">
  <testcase name="addtest" time="0.014" classname="com.cybertek.UnitTest"/>
</testsuite> <!-- com.cybertek.UnitTest -->
