<?xml version="1.0" encoding="UTF-8"?>
<!-- Generated by org.testng.reporters.JUnitReportReporter -->
<testsuite skipped="0" hostname="wc-dhcp64d004.student-secure.wireless.fsu.edu" name="com.cybertek.aTestThatCleansuo" tests="2" failures="0" timestamp="19 Aug 2019 20:00:04 GMT" time="17.047" errors="0">
  <testcase name="searchGoogle" time="4.648" classname="com.cybertek.aTestThatCleansuo"/>
  <testcase name="searchAmazon" time="12.399" classname="com.cybertek.aTestThatCleansuo"/>
</testsuite> <!-- com.cybertek.aTestThatCleansuo -->
