<?xml version="1.0" encoding="UTF-8"?>
<!-- Generated by org.testng.reporters.JUnitReportReporter -->
<testsuite skipped="0" hostname="wc-dhcp7d227.student-secure.wireless.fsu.edu" name="job.application.Jobapplication" tests="1" failures="0" timestamp="21 Aug 2019 16:00:53 GMT" time="4.327" errors="0">
  <testcase name="submitFull" time="4.327" classname="job.application.Jobapplication"/>
</testsuite> <!-- job.application.Jobapplication -->
